2025-03-23 06:41:02 INFO: Incoming callback data: [object Object]
2025-03-23 06:44:30 INFO: Incoming  data: {"status":"success","address_in":"0x4AbbEB69B0f4563C2b1ce0F6DC2b22D22F9084F8","address_out":"0x4Cc32E0B7C4693FC7347B8966F68429B2ab0b6a9","callback_url":"https://api.hypermesh.io/dynamic-upi-callback?refid=HYM30913917","minimum_transaction_coin":"1.00000000","priority":"default"}
2025-03-23 06:51:18 INFO: Incoming callback data: {}
2025-03-23 06:53:19 INFO: Incoming  data: {"status":"success","address_in":"0x1BCf038d46d565F30a83046fFeCe6448e0E1ea04","address_out":"0x4Cc32E0B7C4693FC7347B8966F68429B2ab0b6a9","callback_url":"https://api.hypermesh.io/api/auth/dynamic-upi-callback?refid=HYM30913917","minimum_transaction_coin":"1.00000000","priority":"default"}
2025-03-23 06:53:44 INFO: Incoming callback data: {"refid":"HYM30913917","uuid":"73510638-d1d4-46a6-ab96-b9746ceccc91","address_in":"0x1BCf038d46d565F30a83046fFeCe6448e0E1ea04","address_out":"0x4Cc32E0B7C4693FC7347B8966F68429B2ab0b6a9","confirmations":"4","txid_in":"0x1e80a731dade86788f1fb203b30fba571238566472fbf965da53c31e19f4766d","txid_out":"0xfb1d86bf53543366e01d5353bbae71f27a7b43152e625e1a6e712f560338a8ec","fee":"1","fee_coin":"0.018569283398367604","value":"200","value_coin":"2","value_forwarded":"183","value_forwarded_coin":"1.838359056438392871","coin":"bep20_usdt","price":"0.9998745472","result":"sent","pending":"0"}
2025-03-23 06:53:44 INFO: Processing new transaction: 0x1e80a731dade86788f1fb203b30fba571238566472fbf965da53c31e19f4766d for user: HYM30913917
2025-03-23 08:44:57 INFO: Incoming  data: {"status":"success","address_in":"0x1BCf038d46d565F30a83046fFeCe6448e0E1ea04","address_out":"0x4Cc32E0B7C4693FC7347B8966F68429B2ab0b6a9","callback_url":"https://api.hypermesh.io/api/auth/dynamic-upi-callback?refid=HYM30913917","minimum_transaction_coin":"1.00000000","priority":"default"}
2025-03-23 11:27:17 INFO: Incoming callback data: {"refid":"HYM40942904","uuid":"5d5352bc-1a8b-4b13-b5f1-ffcc92e94356","address_in":"TCcTuU9f4QD27QeigHa9xPiQSodt17PaBs","address_out":"TJPhCR5fbJH9fS7ubEQz59FQ4hLbWd9jAh","confirmations":"4","txid_in":"a5d552707c1fd20b1192551a7b6d3fa4a81119f65ff6a7ec414d32ffe96f2fba","txid_out":"edb8f1d560825d15c70e5eb7ef54048d885fa32aeddfb05f0eb1024fce047bfe","fee":"143","fee_coin":"1.430802","value":"15100","value_coin":"151","value_forwarded":"14164","value_forwarded_coin":"141.649416","coin":"trc20_usdt","price":"0.9999968453","result":"sent","pending":"0"}
2025-03-23 11:27:17 INFO: Processing new transaction: a5d552707c1fd20b1192551a7b6d3fa4a81119f65ff6a7ec414d32ffe96f2fba for user: HYM40942904
2025-03-23 14:44:04 INFO: Incoming  data: {"status":"success","address_in":"0xB8A80d433C457E0351BE1BD5a74Bf4C5141a7374","address_out":"0x4Cc32E0B7C4693FC7347B8966F68429B2ab0b6a9","callback_url":"https://api.hypermesh.io/api/auth/dynamic-upi-callback?refid=HYM52876931","minimum_transaction_coin":"1.00000000","priority":"default"}
2025-03-23 14:44:05 INFO: Incoming  data: {"status":"success","address_in":"0xB8A80d433C457E0351BE1BD5a74Bf4C5141a7374","address_out":"0x4Cc32E0B7C4693FC7347B8966F68429B2ab0b6a9","callback_url":"https://api.hypermesh.io/api/auth/dynamic-upi-callback?refid=HYM52876931","minimum_transaction_coin":"1.00000000","priority":"default"}
2025-03-25 13:59:03 INFO: Incoming  data: {"status":"success","address_in":"0x4C12C47a4C3d197Cc64A9dDbc0c83Fab33875E3F","address_out":"0x4Cc32E0B7C4693FC7347B8966F68429B2ab0b6a9","callback_url":"https://api.hypermesh.io/api/auth/dynamic-upi-callback?refid=HYM964968","minimum_transaction_coin":"1.00000000","priority":"default"}
2025-03-25 15:20:36 INFO: Incoming  data: {"status":"success","address_in":"0x74f659CD8358184104753C0C133aDc5b5f31C8c0","address_out":"0x4Cc32E0B7C4693FC7347B8966F68429B2ab0b6a9","callback_url":"https://api.hypermesh.io/api/auth/dynamic-upi-callback?refid=HYM523196","minimum_transaction_coin":"1.00000000","priority":"default"}
2025-03-25 15:21:00 INFO: Incoming  data: {"status":"success","address_in":"0x7F8cA612397729dD37eA54581e140c97198A0a04","address_out":"0x4Cc32E0B7C4693FC7347B8966F68429B2ab0b6a9","callback_url":"https://api.hypermesh.io/api/auth/dynamic-upi-callback?refid=56426353","minimum_transaction_coin":"1.00000000","priority":"default"}
2025-03-25 15:59:35 INFO: Incoming  data: {"status":"success","address_in":"0x5C9f84314873291186e9910b18C509d9De728B60","address_out":"0x4Cc32E0B7C4693FC7347B8966F68429B2ab0b6a9","callback_url":"https://api.hypermesh.io/api/auth/dynamic-upi-callback?refid=HYM506122","minimum_transaction_coin":"1.00000000","priority":"default"}
2025-03-25 15:59:35 INFO: Incoming  data: {"status":"success","address_in":"0x5C9f84314873291186e9910b18C509d9De728B60","address_out":"0x4Cc32E0B7C4693FC7347B8966F68429B2ab0b6a9","callback_url":"https://api.hypermesh.io/api/auth/dynamic-upi-callback?refid=HYM506122","minimum_transaction_coin":"1.00000000","priority":"default"}
2025-03-25 17:21:25 INFO: Incoming  data: {"status":"success","address_in":"0xBA5E9b3fb0bC924cD517b3C371AD20a135dC1f8b","address_out":"0x4Cc32E0B7C4693FC7347B8966F68429B2ab0b6a9","callback_url":"https://api.hypermesh.io/api/auth/dynamic-upi-callback?refid=HYM892310","minimum_transaction_coin":"1.00000000","priority":"default"}
2025-03-25 17:21:58 INFO: Incoming  data: {"status":"success","address_in":"0xBA5E9b3fb0bC924cD517b3C371AD20a135dC1f8b","address_out":"0x4Cc32E0B7C4693FC7347B8966F68429B2ab0b6a9","callback_url":"https://api.hypermesh.io/api/auth/dynamic-upi-callback?refid=HYM892310","minimum_transaction_coin":"1.00000000","priority":"default"}
2025-03-26 07:45:13 INFO: Incoming  data: {"status":"success","address_in":"0x75E6AC86ED3A978656B892815099F55C6d8B7efb","address_out":"0x4Cc32E0B7C4693FC7347B8966F68429B2ab0b6a9","callback_url":"https://api.hypermesh.io/api/auth/dynamic-upi-callback?refid=HYM929853","minimum_transaction_coin":"1.00000000","priority":"default"}
2025-03-26 12:31:07 INFO: Incoming  data: {"status":"success","address_in":"0x77b4AC593E0726e675c529Bf7185Ceb87Ab76058","address_out":"0x4Cc32E0B7C4693FC7347B8966F68429B2ab0b6a9","callback_url":"https://api.hypermesh.io/api/auth/dynamic-upi-callback?refid=HYM915671","minimum_transaction_coin":"1.00000000","priority":"default"}
2025-03-26 12:31:08 INFO: Incoming  data: {"status":"success","address_in":"0x77b4AC593E0726e675c529Bf7185Ceb87Ab76058","address_out":"0x4Cc32E0B7C4693FC7347B8966F68429B2ab0b6a9","callback_url":"https://api.hypermesh.io/api/auth/dynamic-upi-callback?refid=HYM915671","minimum_transaction_coin":"1.00000000","priority":"default"}
2025-03-26 12:31:11 INFO: Incoming  data: {"status":"success","address_in":"0x77b4AC593E0726e675c529Bf7185Ceb87Ab76058","address_out":"0x4Cc32E0B7C4693FC7347B8966F68429B2ab0b6a9","callback_url":"https://api.hypermesh.io/api/auth/dynamic-upi-callback?refid=HYM915671","minimum_transaction_coin":"1.00000000","priority":"default"}
2025-03-26 17:56:33 INFO: Incoming  data: {"status":"success","address_in":"0x468c2460bF49302ec7e3217f934Bf91C459F175B","address_out":"0x4Cc32E0B7C4693FC7347B8966F68429B2ab0b6a9","callback_url":"https://api.hypermesh.io/api/auth/dynamic-upi-callback?refid=HYM123190","minimum_transaction_coin":"1.00000000","priority":"default"}
2025-03-26 17:56:34 INFO: Incoming  data: {"status":"success","address_in":"0x468c2460bF49302ec7e3217f934Bf91C459F175B","address_out":"0x4Cc32E0B7C4693FC7347B8966F68429B2ab0b6a9","callback_url":"https://api.hypermesh.io/api/auth/dynamic-upi-callback?refid=HYM123190","minimum_transaction_coin":"1.00000000","priority":"default"}
2025-03-27 07:08:56 INFO: Incoming  data: {"status":"success","address_in":"0x29e68BEFAc2E219F85137E4Edac1eE5af25647F1","address_out":"0x4Cc32E0B7C4693FC7347B8966F68429B2ab0b6a9","callback_url":"https://api.hypermesh.io/api/auth/dynamic-upi-callback?refid=HYM971092","minimum_transaction_coin":"1.00000000","priority":"default"}
2025-03-27 07:08:56 INFO: Incoming  data: {"status":"success","address_in":"0x29e68BEFAc2E219F85137E4Edac1eE5af25647F1","address_out":"0x4Cc32E0B7C4693FC7347B8966F68429B2ab0b6a9","callback_url":"https://api.hypermesh.io/api/auth/dynamic-upi-callback?refid=HYM971092","minimum_transaction_coin":"1.00000000","priority":"default"}
2025-03-27 09:59:38 INFO: Incoming  data: {"status":"success","address_in":"0x8e6d963333Cb71B6020D0385Af1744c41127ea8D","address_out":"0x4Cc32E0B7C4693FC7347B8966F68429B2ab0b6a9","callback_url":"https://api.hypermesh.io/api/auth/dynamic-upi-callback?refid=HYM130656","minimum_transaction_coin":"1.00000000","priority":"default"}
2025-03-27 09:59:41 INFO: Incoming  data: {"status":"success","address_in":"0x8e6d963333Cb71B6020D0385Af1744c41127ea8D","address_out":"0x4Cc32E0B7C4693FC7347B8966F68429B2ab0b6a9","callback_url":"https://api.hypermesh.io/api/auth/dynamic-upi-callback?refid=HYM130656","minimum_transaction_coin":"1.00000000","priority":"default"}
2025-03-27 10:01:23 INFO: Incoming  data: {"status":"success","address_in":"0x8e6d963333Cb71B6020D0385Af1744c41127ea8D","address_out":"0x4Cc32E0B7C4693FC7347B8966F68429B2ab0b6a9","callback_url":"https://api.hypermesh.io/api/auth/dynamic-upi-callback?refid=HYM130656","minimum_transaction_coin":"1.00000000","priority":"default"}
2025-03-29 15:10:52 INFO: Incoming callback data: {}
2025-03-29 15:10:52 INFO: Incoming callback data: {}
2025-03-29 15:17:13 INFO: Incoming  data: {"status":"success","address_in":"0x9EA35cD32559C36705b696C6030f323554001f10","address_out":"0x4Cc32E0B7C4693FC7347B8966F68429B2ab0b6a9","callback_url":"https://api.hypermesh.io/api/auth/dynamic-upi-callback?refid=HYM571045","minimum_transaction_coin":"1.00000000","priority":"default"}
2025-03-29 15:19:07 INFO: Incoming callback data: {"refid":"HYM571045","uuid":"8db0c4b5-df86-46f4-9a91-eebfe8f957d5","address_in":"0x9EA35cD32559C36705b696C6030f323554001f10","address_out":"0x4Cc32E0B7C4693FC7347B8966F68429B2ab0b6a9","confirmations":"6","txid_in":"0x06f1dc5af5e0a8177b493ebbf4fbef2928e35dac867376baa7ae21c5049df95e","txid_out":"0x590a100f434050fdfb7d8b0a94f6df8efd736a0f45dd15415031ae2d8f4ed390","fee":"1","fee_coin":"0.018539223560976827","value":"200","value_coin":"2","value_forwarded":"183","value_forwarded_coin":"1.835383132536705934","coin":"bep20_usdt","price":"0.9996275839","result":"sent","pending":"0"}
2025-03-29 15:19:07 INFO: Processing new transaction: 0x06f1dc5af5e0a8177b493ebbf4fbef2928e35dac867376baa7ae21c5049df95e for user: HYM571045
2025-03-29 15:28:20 INFO: Incoming  data: {"status":"success","address_in":"0x3ef18dA72a553C07E8e6FbF84f2B129eD988A4F2","address_out":"0xDCC017Cd7e95bf6b3DCB4d5658e8733A188029cf","callback_url":"https://api.hypermesh.io/api/auth/dynamic-upi-callback?refid=HYM339503","minimum_transaction_coin":"1.00000000","priority":"default"}
2025-03-29 15:29:42 INFO: Incoming  data: {"status":"success","address_in":"0x3ef18dA72a553C07E8e6FbF84f2B129eD988A4F2","address_out":"0xDCC017Cd7e95bf6b3DCB4d5658e8733A188029cf","callback_url":"https://api.hypermesh.io/api/auth/dynamic-upi-callback?refid=HYM339503","minimum_transaction_coin":"1.00000000","priority":"default"}
2025-03-29 15:30:16 INFO: Incoming callback data: {"refid":"HYM339503","uuid":"68d5d3b8-8259-4247-bf6b-46739c088c5e","address_in":"0x3ef18dA72a553C07E8e6FbF84f2B129eD988A4F2","address_out":"0xDCC017Cd7e95bf6b3DCB4d5658e8733A188029cf","confirmations":"5","txid_in":"0x9e1f0fda6e40c72fae024256b413b92571bd691ee502ac8f015e0ac96e147546","txid_out":"0x010f4ec4e00eca318e2d12b1e5652d51c2201e60209488e1ec44273be7a4ac3c","fee":"1","fee_coin":"0.018671821932058079","value":"200","value_coin":"2","value_forwarded":"184","value_forwarded_coin":"1.848510371273749824","coin":"bep20_usdt","price":"0.999752584","result":"sent","pending":"0"}
2025-03-29 15:30:16 INFO: Processing new transaction: 0x9e1f0fda6e40c72fae024256b413b92571bd691ee502ac8f015e0ac96e147546 for user: HYM339503
2025-03-29 15:30:16 INFO: updatedData: [object Object] for user: HYM339503
2025-03-29 15:31:25 INFO: Incoming  data: {"status":"success","address_in":"0x3ef18dA72a553C07E8e6FbF84f2B129eD988A4F2","address_out":"0xDCC017Cd7e95bf6b3DCB4d5658e8733A188029cf","callback_url":"https://api.hypermesh.io/api/auth/dynamic-upi-callback?refid=HYM339503","minimum_transaction_coin":"1.00000000","priority":"default"}
2025-03-29 15:31:44 INFO: Incoming  data: {"status":"success","address_in":"0x3ef18dA72a553C07E8e6FbF84f2B129eD988A4F2","address_out":"0xDCC017Cd7e95bf6b3DCB4d5658e8733A188029cf","callback_url":"https://api.hypermesh.io/api/auth/dynamic-upi-callback?refid=HYM339503","minimum_transaction_coin":"1.00000000","priority":"default"}
2025-03-29 15:32:10 INFO: Incoming callback data: {"refid":"HYM339503","uuid":"b93f86c6-743a-4ae6-9888-b5c2101dc927","address_in":"0x3ef18dA72a553C07E8e6FbF84f2B129eD988A4F2","address_out":"0xDCC017Cd7e95bf6b3DCB4d5658e8733A188029cf","confirmations":"4","txid_in":"0x294c0834192c740cfb8d5dc9973efe608e06c6841693b077a675b4861a584b3c","txid_out":"0xb7c81c0d8ddc892bf0f685a95cc8454587a406b302a38e369222e0c31554bb40","fee":"1","fee_coin":"0.01854183273706131","value":"200","value_coin":"2","value_forwarded":"183","value_forwarded_coin":"1.835641440969069718","coin":"bep20_usdt","price":"0.9995756266","result":"sent","pending":"0"}
2025-03-29 15:32:10 INFO: Processing new transaction: 0x294c0834192c740cfb8d5dc9973efe608e06c6841693b077a675b4861a584b3c for user: HYM339503
2025-03-29 15:32:10 INFO: updatedData: [object Object] for user: HYM339503
2025-03-29 15:36:57 INFO: Incoming  data: {"status":"success","address_in":"0x3ef18dA72a553C07E8e6FbF84f2B129eD988A4F2","address_out":"0xDCC017Cd7e95bf6b3DCB4d5658e8733A188029cf","callback_url":"https://api.hypermesh.io/api/auth/dynamic-upi-callback?refid=HYM339503","minimum_transaction_coin":"1.00000000","priority":"default"}
2025-03-29 15:37:22 INFO: Incoming callback data: {"refid":"HYM339503","uuid":"133d9930-0c56-4f7d-b4d0-6ce7ca52c73a","address_in":"0x3ef18dA72a553C07E8e6FbF84f2B129eD988A4F2","address_out":"0xDCC017Cd7e95bf6b3DCB4d5658e8733A188029cf","confirmations":"4","txid_in":"0xb7f1a8a336f1ace7ce484b5edcfc5c9cc6592ac32aa209e1d5f0a2c2ff376ca7","txid_out":"0x259f9a0082978049dd39654911b9903b3b85c06e1aa64e93be28cea4dc0a294b","fee":"1","fee_coin":"0.018609652545496207","value":"200","value_coin":"2","value_forwarded":"184","value_forwarded_coin":"1.842355602004124569","coin":"bep20_usdt","price":"0.9998299471","result":"sent","pending":"0"}
2025-03-29 15:37:22 INFO: Processing new transaction: 0xb7f1a8a336f1ace7ce484b5edcfc5c9cc6592ac32aa209e1d5f0a2c2ff376ca7 for user: HYM339503
2025-03-29 15:37:22 INFO: updatedData: [object Object] for user: HYM339503
2025-03-29 15:38:32 INFO: Incoming  data: {"status":"success","address_in":"0x3ef18dA72a553C07E8e6FbF84f2B129eD988A4F2","address_out":"0xDCC017Cd7e95bf6b3DCB4d5658e8733A188029cf","callback_url":"https://api.hypermesh.io/api/auth/dynamic-upi-callback?refid=HYM339503","minimum_transaction_coin":"1.00000000","priority":"default"}
2025-03-29 15:39:01 INFO: Incoming callback data: {"refid":"HYM339503","uuid":"a3f6ae52-e75f-407e-a5e5-156c31bae5b4","address_in":"0x3ef18dA72a553C07E8e6FbF84f2B129eD988A4F2","address_out":"0xDCC017Cd7e95bf6b3DCB4d5658e8733A188029cf","confirmations":"5","txid_in":"0x8073926e6ee5d3ca2fcd8d2dd2d098fa272c8dd310c86f30b0566e51c08d4268","txid_out":"0xfa29e347801ad8f4766d99ee7d59a6dc3375fae98f5dcbda9988fdf29b8b1a1d","fee":"1","fee_coin":"0.018675859567769783","value":"200","value_coin":"2","value_forwarded":"184","value_forwarded_coin":"1.84891009720920859","coin":"bep20_usdt","price":"0.9998299471","result":"sent","pending":"0"}
2025-03-29 15:39:01 INFO: Processing new transaction: 0x8073926e6ee5d3ca2fcd8d2dd2d098fa272c8dd310c86f30b0566e51c08d4268 for user: HYM339503
2025-03-29 15:39:01 INFO: updatedData: [object Object] for user: HYM339503
2025-03-31 11:15:24 INFO: Incoming  data: {"status":"success","address_in":"0x75E6AC86ED3A978656B892815099F55C6d8B7efb","address_out":"0x4Cc32E0B7C4693FC7347B8966F68429B2ab0b6a9","callback_url":"https://api.hypermesh.io/api/auth/dynamic-upi-callback?refid=HYM929853","minimum_transaction_coin":"1.00000000","priority":"default"}
2025-03-31 13:48:16 INFO: Incoming  data: {"status":"success","address_in":"0x82CA2D3aB8A0a839085F3508809071765c00E0f8","address_out":"0x4Cc32E0B7C4693FC7347B8966F68429B2ab0b6a9","callback_url":"https://api.hypermesh.io/api/auth/dynamic-upi-callback?refid=HYM953028","minimum_transaction_coin":"1.00000000","priority":"default"}
2025-03-31 13:48:17 INFO: Incoming  data: {"status":"success","address_in":"0x82CA2D3aB8A0a839085F3508809071765c00E0f8","address_out":"0x4Cc32E0B7C4693FC7347B8966F68429B2ab0b6a9","callback_url":"https://api.hypermesh.io/api/auth/dynamic-upi-callback?refid=HYM953028","minimum_transaction_coin":"1.00000000","priority":"default"}
2025-03-31 15:04:36 INFO: Incoming  data: {"status":"success","address_in":"0x52300C626ad3219cEc8c0fEFDE297AFdF2Da89bd","address_out":"0x4Cc32E0B7C4693FC7347B8966F68429B2ab0b6a9","callback_url":"https://api.hypermesh.io/api/auth/dynamic-upi-callback?refid=HYM910611","minimum_transaction_coin":"1.00000000","priority":"default"}
2025-03-31 17:22:38 INFO: Incoming  data: {"status":"success","address_in":"0xc79A4bb00EFC5f187afD1a0Ea0E7C43BEAE46D46","address_out":"0x4Cc32E0B7C4693FC7347B8966F68429B2ab0b6a9","callback_url":"https://api.hypermesh.io/api/auth/dynamic-upi-callback?refid=HYM787461","minimum_transaction_coin":"1.00000000","priority":"default"}
2025-04-03 05:32:38 INFO: Incoming  data: {"status":"success","address_in":"0x52300C626ad3219cEc8c0fEFDE297AFdF2Da89bd","address_out":"0x4Cc32E0B7C4693FC7347B8966F68429B2ab0b6a9","callback_url":"https://api.hypermesh.io/api/auth/dynamic-upi-callback?refid=HYM910611","minimum_transaction_coin":"1.00000000","priority":"default"}
2025-04-03 05:32:54 INFO: Incoming  data: {"status":"success","address_in":"0x52300C626ad3219cEc8c0fEFDE297AFdF2Da89bd","address_out":"0x4Cc32E0B7C4693FC7347B8966F68429B2ab0b6a9","callback_url":"https://api.hypermesh.io/api/auth/dynamic-upi-callback?refid=HYM910611","minimum_transaction_coin":"1.00000000","priority":"default"}
2025-04-03 05:32:56 INFO: Incoming  data: {"status":"success","address_in":"0x52300C626ad3219cEc8c0fEFDE297AFdF2Da89bd","address_out":"0x4Cc32E0B7C4693FC7347B8966F68429B2ab0b6a9","callback_url":"https://api.hypermesh.io/api/auth/dynamic-upi-callback?refid=HYM910611","minimum_transaction_coin":"1.00000000","priority":"default"}
2025-04-03 05:33:12 INFO: Incoming  data: {"status":"success","address_in":"0x52300C626ad3219cEc8c0fEFDE297AFdF2Da89bd","address_out":"0x4Cc32E0B7C4693FC7347B8966F68429B2ab0b6a9","callback_url":"https://api.hypermesh.io/api/auth/dynamic-upi-callback?refid=HYM910611","minimum_transaction_coin":"1.00000000","priority":"default"}
2025-04-05 11:41:53 INFO: Incoming callback data: {"refid":"HYM533364","uuid":"e11a5a1c-27cc-454a-9614-a02c928a2b6f","address_in":"0x21B5570bd2DB388d69ad632B9e937B26A9c11173","address_out":"0xbBb9948EE8E89730b7BDBD82d1CA4E1cEBC7ee8A","confirmations":"4","txid_in":"0xbcd5b5da092fcf37ac622b0b6ee2ed82ecf5217d87fac223cb7a880bd93b6fd8","txid_out":"0xffe6b8a490b987282283b27152655607dc71de2adfb562ed8901d59a22e4809b","fee":"99","fee_coin":"0.998329357177245555","value":"10000","value_coin":"100","value_forwarded":"9883","value_forwarded_coin":"98.83460636054731001","coin":"bep20_usdt","price":"0.9999731609","result":"sent","pending":"0"}
2025-04-05 12:12:14 INFO: Incoming callback data: {"refid":"56426353","uuid":"4593f9e0-202a-4779-a969-5d4e60530519","address_in":"0x7F8cA612397729dD37eA54581e140c97198A0a04","address_out":"0x4Cc32E0B7C4693FC7347B8966F68429B2ab0b6a9","confirmations":"4","txid_in":"0xc59c0f594f979a8b77116c65b470af8b4a382a8711b34134030fc369ecc517a2","txid_out":"0x1f69187fe6ba85ce8381be5771b5203dd2865330b2ea7cb152756717105a485a","fee":"3","fee_coin":"0.038537489393078262","value":"400","value_coin":"4","value_forwarded":"381","value_forwarded_coin":"3.815211449914748029","coin":"bep20_usdt","price":"0.9999731609","result":"sent","pending":"0"}
2025-04-05 12:22:15 INFO: Incoming callback data: 0x400c4C0A65FF457Ee3985eaA36887D5f37A002DC
2025-04-05 12:27:17 INFO: Wallet: 0x400c4C0A65FF457Ee3985eaA36887D5f37A002DC
2025-04-05 12:27:17 INFO: Incoming  data: {"status":"success","address_in":"0x7F8cA612397729dD37eA54581e140c97198A0a04","address_out":"0x4Cc32E0B7C4693FC7347B8966F68429B2ab0b6a9","callback_url":"https://api.hypermesh.io/api/auth/dynamic-upi-callback?refid=56426353","minimum_transaction_coin":"1.00000000","priority":"default"}
2025-04-05 12:30:14 INFO: Wallet: 0x400c4C0A65FF457Ee3985eaA36887D5f37A002DC
2025-04-05 12:30:14 INFO: Incoming  data: {"status":"success","address_in":"0x7F8cA612397729dD37eA54581e140c97198A0a04","address_out":"0x4Cc32E0B7C4693FC7347B8966F68429B2ab0b6a9","callback_url":"https://api.hypermesh.io/api/auth/dynamic-upi-callback?refid=56426353","minimum_transaction_coin":"1.00000000","priority":"default"}
2025-04-05 12:32:37 INFO: Wallet: 0x400c4C0A65FF457Ee3985eaA36887D5f37A002DC
2025-04-05 12:33:13 INFO: Wallet: 0x400c4C0A65FF457Ee3985eaA36887D5f37A002DC
2025-04-05 12:33:55 INFO: Wallet: 0x400c4C0A65FF457Ee3985eaA36887D5f37A002DC
2025-04-05 12:33:56 INFO: Incoming  data: {"status":"success","address_in":"0x7F8cA612397729dD37eA54581e140c97198A0a04","address_out":"0x4Cc32E0B7C4693FC7347B8966F68429B2ab0b6a9","callback_url":"https://api.hypermesh.io/api/auth/dynamic-upi-callback?refid=56426353","minimum_transaction_coin":"1.00000000","priority":"default"}
2025-04-05 12:37:16 INFO: Wallet: 0x400c4C0A65FF457Ee3985eaA36887D5f37A002DC
2025-04-05 12:37:18 INFO: Incoming  data: {"status":"success","address_in":"0x21b0635ff2127E74309609E107444553db9b7C0a","address_out":"0x400c4C0A65FF457Ee3985eaA36887D5f37A002DC","callback_url":"https://api.hypermesh.io/api/auth/dynamic-upi-callback?refid=HYM329137","minimum_transaction_coin":"1.00000000","priority":"default"}
2025-04-05 12:37:31 INFO: Wallet: 0x400c4C0A65FF457Ee3985eaA36887D5f37A002DC
2025-04-05 12:37:31 INFO: Incoming  data: {"status":"success","address_in":"0x21b0635ff2127E74309609E107444553db9b7C0a","address_out":"0x400c4C0A65FF457Ee3985eaA36887D5f37A002DC","callback_url":"https://api.hypermesh.io/api/auth/dynamic-upi-callback?refid=HYM329137","minimum_transaction_coin":"1.00000000","priority":"default"}
2025-04-05 12:39:07 INFO: Wallet: 0x400c4C0A65FF457Ee3985eaA36887D5f37A002DC
2025-04-05 12:39:08 INFO: Incoming  data: {"status":"success","address_in":"0x21b0635ff2127E74309609E107444553db9b7C0a","address_out":"0x400c4C0A65FF457Ee3985eaA36887D5f37A002DC","callback_url":"https://api.hypermesh.io/api/auth/dynamic-upi-callback?refid=HYM329137","minimum_transaction_coin":"1.00000000","priority":"default"}
2025-04-05 12:40:11 INFO: Incoming callback data: {"refid":"HYM329137","uuid":"5b2dd479-21f1-456f-82d2-37c6a3d1199e","address_in":"0x21b0635ff2127E74309609E107444553db9b7C0a","address_out":"0x400c4C0A65FF457Ee3985eaA36887D5f37A002DC","confirmations":"5","txid_in":"0x16a46f4dbae66360004cc73e1a5ef3bbc6ac062fe90f7efde579a3fc77be9542","txid_out":"0x4924c70041a2e82d6750fea5f0f5726e06c2a61860db2b1a5642d0e0abc29986","fee":"1","fee_coin":"0.018603967147938341","value":"200","value_coin":"2","value_forwarded":"184","value_forwarded_coin":"1.841792747645895846","coin":"bep20_usdt","price":"0.9999731609","result":"sent","pending":"0"}
2025-04-05 12:40:11 INFO: Processing new transaction: 0x16a46f4dbae66360004cc73e1a5ef3bbc6ac062fe90f7efde579a3fc77be9542 for user: HYM329137
2025-04-05 12:40:11 INFO: updatedData: [object Object] for user: HYM329137
2025-04-05 12:40:11 ERROR: UPI Callback Error: ReferenceError: Income is not defined
    at dynamicUpiCallback (/home/hypermes/api.hypermesh.io/hypermesh-node/src/controllers/InvestController.js:166:14)
    at process.processTicksAndRejections (node:internal/process/task_queues:95:5)
2025-04-05 20:15:29 INFO: Wallet: 0x400c4C0A65FF457Ee3985eaA36887D5f37A002DC
2025-04-05 20:16:27 INFO: Incoming callback data: {"refid":"HYM430885","uuid":"d8568ffe-1ac7-4d8f-a632-ccd49f407b26","address_in":"0x425B3dC35a12A466D92eaEfaa86f7aC3945c9Fb1","address_out":"0x400c4C0A65FF457Ee3985eaA36887D5f37A002DC","confirmations":"4","txid_in":"0x4a3572b6c5a132d23999317f1efc1a14c5228c84251700fa64819f889a5d5a48","txid_out":"0x67e167d52c53fa333a0c87ade8423f22e78f9accb45ad1b7f534a2c86d384288","fee":"100","fee_coin":"1.00867044490279842","value":"10100","value_coin":"101","value_forwarded":"9985","value_forwarded_coin":"99.858374045377043662","coin":"bep20_usdt","price":"0.9999731609","result":"sent","pending":"0"}
2025-04-05 20:16:27 INFO: Processing new transaction: 0x4a3572b6c5a132d23999317f1efc1a14c5228c84251700fa64819f889a5d5a48 for user: HYM430885
2025-04-05 20:16:27 INFO: updatedData: [object Object] for user: HYM430885
2025-04-06 10:56:34 INFO: Wallet: 0x400c4C0A65FF457Ee3985eaA36887D5f37A002DC
2025-04-06 10:58:34 INFO: Wallet: 0x400c4C0A65FF457Ee3985eaA36887D5f37A002DC
2025-04-06 10:59:08 INFO: Wallet: 0x400c4C0A65FF457Ee3985eaA36887D5f37A002DC
2025-04-06 11:14:55 INFO: Wallet: 0x400c4C0A65FF457Ee3985eaA36887D5f37A002DC
2025-04-06 11:18:29 INFO: Incoming callback data: {"refid":"HYM916143","uuid":"f0dfc2cf-1101-439e-adb2-a0885e6f6eb2","address_in":"0xcf58Bc493Fe31ea888ce6D01Fa0FC08cDA439249","address_out":"0x400c4C0A65FF457Ee3985eaA36887D5f37A002DC","confirmations":"4","txid_in":"0xf85a32e48496c24e183bcfc9583c23b84a254c3067be4bf8ab8a17d84ae1dc76","txid_out":"0xa4412a4dfd48a9827f2bfc87f3b6e2a186375feedcf13a68d4f00c128902faea","fee":"99","fee_coin":"0.998603967147938341","value":"10000","value_coin":"100","value_forwarded":"9886","value_forwarded_coin":"98.861792747645895846","coin":"bep20_usdt","price":"0.9999731609","result":"sent","pending":"0"}
2025-04-06 11:18:29 INFO: Processing new transaction: 0xf85a32e48496c24e183bcfc9583c23b84a254c3067be4bf8ab8a17d84ae1dc76 for user: HYM916143
2025-04-06 11:18:29 INFO: updatedData: [object Object] for user: HYM916143
2025-04-06 11:20:03 INFO: Wallet: 0x400c4C0A65FF457Ee3985eaA36887D5f37A002DC
2025-04-06 11:20:40 INFO: Wallet: 0x400c4C0A65FF457Ee3985eaA36887D5f37A002DC
2025-04-06 11:24:53 INFO: Wallet: 0x400c4C0A65FF457Ee3985eaA36887D5f37A002DC
2025-04-06 11:38:48 INFO: Wallet: 0x400c4C0A65FF457Ee3985eaA36887D5f37A002DC
2025-04-06 11:40:04 INFO: Incoming callback data: {"refid":"HYM704379","uuid":"2b31e275-db8a-41e9-ba9e-149f0b808ca4","address_in":"0x7adE00aaA8b5C58f9E5B6C4bac7229bF0f46ED9B","address_out":"0x400c4C0A65FF457Ee3985eaA36887D5f37A002DC","confirmations":"5","txid_in":"0x2241b9c044a6f24c987779ece5a50d3dcc3d658c291859b83beae16e38af850b","txid_out":"0xb0b134563ae290dc18872f81f85558e29a1d6c9ea3597ce6cff350b22856a52e","fee":"99","fee_coin":"0.99867037842504356","value":"10000","value_coin":"100","value_forwarded":"9886","value_forwarded_coin":"98.868367464079312514","coin":"bep20_usdt","price":"0.9999731609","result":"sent","pending":"0"}
2025-04-06 11:40:04 INFO: Processing new transaction: 0x2241b9c044a6f24c987779ece5a50d3dcc3d658c291859b83beae16e38af850b for user: HYM704379
2025-04-06 11:40:04 INFO: updatedData: [object Object] for user: HYM704379
2025-04-09 13:18:41 INFO: Wallet: 0x400c4C0A65FF457Ee3985eaA36887D5f37A002DC
2025-04-09 13:23:45 INFO: Incoming callback data: {"refid":"HYM662926","uuid":"3d5572ad-2c81-4ac8-9caa-6282c0206873","address_in":"0x4F771aA9C835Ca194212f8e45B56038eF37c6745","address_out":"0x400c4C0A65FF457Ee3985eaA36887D5f37A002DC","confirmations":"5","txid_in":"0x9ac1fe3620c5c41a72e38c98e56d18d944c6500c57a50159a2aa00d95c9d6a8e","txid_out":"0x8d4ddacc9e38f427a2a35fe01fd27a4b16719b7694fcd4afe62d53ab7ab1a177","fee":"100","fee_coin":"1.00873177704373076","value":"10100","value_coin":"101","value_forwarded":"9986","value_forwarded_coin":"99.864445927329345243","coin":"bep20_usdt","price":"0.9993815555","result":"sent","pending":"0"}
2025-04-09 13:23:45 INFO: Processing new transaction: 0x9ac1fe3620c5c41a72e38c98e56d18d944c6500c57a50159a2aa00d95c9d6a8e for user: HYM662926
2025-04-09 13:23:45 INFO: updatedData: [object Object] for user: HYM662926
2025-04-09 14:00:57 INFO: Wallet: 0x400c4C0A65FF457Ee3985eaA36887D5f37A002DC
2025-04-09 15:21:03 INFO: Wallet: 0x400c4C0A65FF457Ee3985eaA36887D5f37A002DC
2025-04-09 18:38:06 INFO: Wallet: 0x400c4C0A65FF457Ee3985eaA36887D5f37A002DC
2025-04-09 18:51:36 INFO: Wallet: 0x400c4C0A65FF457Ee3985eaA36887D5f37A002DC
2025-04-09 18:52:01 INFO: Wallet: 0x400c4C0A65FF457Ee3985eaA36887D5f37A002DC
2025-04-09 18:52:18 INFO: Wallet: 0x400c4C0A65FF457Ee3985eaA36887D5f37A002DC
2025-04-10 05:13:48 INFO: Wallet: 0x400c4C0A65FF457Ee3985eaA36887D5f37A002DC
2025-04-10 05:14:03 INFO: Wallet: 0x400c4C0A65FF457Ee3985eaA36887D5f37A002DC
2025-04-10 05:14:09 INFO: Wallet: 0x400c4C0A65FF457Ee3985eaA36887D5f37A002DC
2025-04-10 05:14:30 INFO: Wallet: 0x400c4C0A65FF457Ee3985eaA36887D5f37A002DC
2025-04-10 07:09:56 INFO: Wallet: 0x400c4C0A65FF457Ee3985eaA36887D5f37A002DC
2025-04-10 07:23:22 INFO: Wallet: 0x400c4C0A65FF457Ee3985eaA36887D5f37A002DC
2025-04-10 15:37:35 INFO: Wallet: 0x400c4C0A65FF457Ee3985eaA36887D5f37A002DC
2025-04-10 16:13:36 INFO: Wallet: 0x400c4C0A65FF457Ee3985eaA36887D5f37A002DC
2025-04-11 12:49:48 INFO: Wallet: 0x400c4C0A65FF457Ee3985eaA36887D5f37A002DC
2025-04-11 12:51:01 INFO: Incoming callback data: {"refid":"HYM368560","uuid":"fc5b0d43-de79-4084-afb4-8bb2a1b7ef53","address_in":"0xE2c7eE4f63dC12d1937B56b6018fDd184d399B2D","address_out":"0x400c4C0A65FF457Ee3985eaA36887D5f37A002DC","confirmations":"5","txid_in":"0xb23bc0efb7e2815dc33001dc01aa2912bfb93bd1f49b55cc1338dc5185c7f151","txid_out":"0x59c6c355ec00267c6cc9c8314595d29287b6f185b6b4df0fa7f78a44ac5adac5","fee":"99","fee_coin":"0.99866252179416509","value":"10000","value_coin":"100","value_forwarded":"9886","value_forwarded_coin":"98.867589657622343982","coin":"bep20_usdt","price":"0.9994325848","result":"sent","pending":"0"}
2025-04-11 12:51:01 INFO: Processing new transaction: 0xb23bc0efb7e2815dc33001dc01aa2912bfb93bd1f49b55cc1338dc5185c7f151 for user: HYM368560
2025-04-11 12:51:01 INFO: updatedData: [object Object] for user: HYM368560
2025-04-11 15:09:12 INFO: Wallet: 0x400c4C0A65FF457Ee3985eaA36887D5f37A002DC
2025-04-11 15:09:19 INFO: Wallet: 0x400c4C0A65FF457Ee3985eaA36887D5f37A002DC
2025-04-11 17:06:19 INFO: Wallet: 0x400c4C0A65FF457Ee3985eaA36887D5f37A002DC
2025-04-11 17:10:00 INFO: Wallet: 0x400c4C0A65FF457Ee3985eaA36887D5f37A002DC
2025-04-11 17:44:25 INFO: Wallet: 0x400c4C0A65FF457Ee3985eaA36887D5f37A002DC
2025-04-11 17:48:02 INFO: Wallet: 0x400c4C0A65FF457Ee3985eaA36887D5f37A002DC
2025-04-11 17:49:15 INFO: Wallet: 0x400c4C0A65FF457Ee3985eaA36887D5f37A002DC
2025-04-11 19:12:40 INFO: Wallet: 0x400c4C0A65FF457Ee3985eaA36887D5f37A002DC
2025-04-12 04:24:06 INFO: Wallet: 0x400c4C0A65FF457Ee3985eaA36887D5f37A002DC
2025-04-12 07:36:50 INFO: Wallet: 0x400c4C0A65FF457Ee3985eaA36887D5f37A002DC
2025-04-12 07:37:37 INFO: Incoming callback data: {"refid":"HYM429398","uuid":"2a533a7d-6c4f-4040-849e-bc3c4bf2b466","address_in":"0x8b1aEB6eB546cd4C69b64B2124E75242105cbf26","address_out":"0x400c4C0A65FF457Ee3985eaA36887D5f37A002DC","confirmations":"4","txid_in":"0x629919087f7d9a5a6e6bde530aff5b57778b2ea09bdf7e65d8317d7fd6526d57","txid_out":"0xd094fe726cc97036ad46de074757db67a052c5983dc37d91eab40f5a6733eb07","fee":"99","fee_coin":"0.99871634004693778","value":"10000","value_coin":"100","value_forwarded":"9887","value_forwarded_coin":"98.872917664646840299","coin":"bep20_usdt","price":"0.9995253693","result":"sent","pending":"0"}
2025-04-12 07:37:37 INFO: Processing new transaction: 0x629919087f7d9a5a6e6bde530aff5b57778b2ea09bdf7e65d8317d7fd6526d57 for user: HYM429398
2025-04-12 07:37:37 INFO: updatedData: [object Object] for user: HYM429398
2025-04-12 09:07:44 INFO: Wallet: 0x400c4C0A65FF457Ee3985eaA36887D5f37A002DC
2025-04-12 09:08:49 INFO: Incoming callback data: {"refid":"HYM344475","uuid":"b9178b29-03e5-45e2-82b7-0eff9a5489d4","address_in":"0x510b04c2F016Fa01d67dCC80b625A41c3a497AB2","address_out":"0x400c4C0A65FF457Ee3985eaA36887D5f37A002DC","confirmations":"5","txid_in":"0x3dcdbc816dd20cad98eb901878d0d9cdbd781dd08b0c40e8615afde155fa67e8","txid_out":"0x56aaff9dc591973aab63c00149431eed322f2e8f0a849bd147974556260f0e8c","fee":"99","fee_coin":"0.998713375313490855","value":"10000","value_coin":"100","value_forwarded":"9887","value_forwarded_coin":"98.872624156035594738","coin":"bep20_usdt","price":"0.9993700459","result":"sent","pending":"0"}
2025-04-12 09:08:49 INFO: Processing new transaction: 0x3dcdbc816dd20cad98eb901878d0d9cdbd781dd08b0c40e8615afde155fa67e8 for user: HYM344475
2025-04-12 09:08:49 INFO: updatedData: [object Object] for user: HYM344475
2025-04-12 09:23:22 INFO: Wallet: 0x400c4C0A65FF457Ee3985eaA36887D5f37A002DC
2025-04-12 09:23:22 INFO: Wallet: 0x400c4C0A65FF457Ee3985eaA36887D5f37A002DC
2025-04-12 09:38:12 INFO: Wallet: 0x400c4C0A65FF457Ee3985eaA36887D5f37A002DC
2025-04-12 09:53:38 INFO: Wallet: 0x400c4C0A65FF457Ee3985eaA36887D5f37A002DC
2025-04-12 09:53:44 INFO: Wallet: 0x400c4C0A65FF457Ee3985eaA36887D5f37A002DC
2025-04-12 10:26:17 INFO: Wallet: 0x400c4C0A65FF457Ee3985eaA36887D5f37A002DC
2025-04-12 10:35:37 INFO: Wallet: 0x400c4C0A65FF457Ee3985eaA36887D5f37A002DC
2025-04-12 10:40:55 INFO: Incoming callback data: {"refid":"HYM182554","uuid":"1677e528-5cd1-4f55-8105-e11d7c0a7947","address_in":"0xfB70CFc97E046B9297203E8f2aABF00F28bc5f81","address_out":"0x400c4C0A65FF457Ee3985eaA36887D5f37A002DC","confirmations":"5","txid_in":"0xd42ef74c816c852f89f43980d09e36ce9ea9e762cd5e5f90a4b5b36457baa190","txid_out":"0xdaf8e686516c28bcdbecf6a6c5b711c71ea1fe3186b87f626f50265eaa018452","fee":"99","fee_coin":"0.99871011657792926","value":"10000","value_coin":"100","value_forwarded":"9887","value_forwarded_coin":"98.872301541214996811","coin":"bep20_usdt","price":"0.9994955746","result":"sent","pending":"0"}
2025-04-12 10:40:55 INFO: Processing new transaction: 0xd42ef74c816c852f89f43980d09e36ce9ea9e762cd5e5f90a4b5b36457baa190 for user: HYM182554
2025-04-12 10:40:55 INFO: updatedData: [object Object] for user: HYM182554
2025-04-12 10:49:24 INFO: Wallet: 0x400c4C0A65FF457Ee3985eaA36887D5f37A002DC
2025-04-12 11:14:53 INFO: Wallet: 0x400c4C0A65FF457Ee3985eaA36887D5f37A002DC
2025-04-12 11:15:56 INFO: Wallet: 0x400c4C0A65FF457Ee3985eaA36887D5f37A002DC
2025-04-12 11:16:30 INFO: Wallet: 0x400c4C0A65FF457Ee3985eaA36887D5f37A002DC
2025-04-12 11:33:47 INFO: Wallet: 0x400c4C0A65FF457Ee3985eaA36887D5f37A002DC
2025-04-12 11:34:15 INFO: Wallet: 0x400c4C0A65FF457Ee3985eaA36887D5f37A002DC
2025-04-12 11:35:34 INFO: Wallet: 0x400c4C0A65FF457Ee3985eaA36887D5f37A002DC
2025-04-12 11:36:23 INFO: Wallet: 0x400c4C0A65FF457Ee3985eaA36887D5f37A002DC
2025-04-12 11:38:14 INFO: Wallet: 0x400c4C0A65FF457Ee3985eaA36887D5f37A002DC
2025-04-12 11:38:26 INFO: Wallet: 0x400c4C0A65FF457Ee3985eaA36887D5f37A002DC
2025-04-12 11:38:46 INFO: Wallet: 0x400c4C0A65FF457Ee3985eaA36887D5f37A002DC
2025-04-12 11:39:05 INFO: Wallet: 0x400c4C0A65FF457Ee3985eaA36887D5f37A002DC
2025-04-12 11:44:48 INFO: Wallet: 0x400c4C0A65FF457Ee3985eaA36887D5f37A002DC
2025-04-12 11:45:03 INFO: Wallet: 0x400c4C0A65FF457Ee3985eaA36887D5f37A002DC
2025-04-14 17:23:53 INFO: Wallet: 0x400c4C0A65FF457Ee3985eaA36887D5f37A002DC
2025-04-14 17:26:37 INFO: Wallet: 0x400c4C0A65FF457Ee3985eaA36887D5f37A002DC
2025-04-14 17:28:02 INFO: Incoming callback data: {"refid":"HYM610271","uuid":"5242d3cc-3bbb-4d29-bb24-60a3d72e9341","address_in":"0x94194c3718D8D62d4A848a1a2758fF29881C8953","address_out":"0x400c4C0A65FF457Ee3985eaA36887D5f37A002DC","confirmations":"6","txid_in":"0x2f9bd74df35527d4dcb457f38f8873f2318e3687237bd243d133275bd0c932f7","txid_out":"0x68b8f25887f85839a215d1722c08c9cda01dcef5f3d573d40d3b084a46381f2a","fee":"498","fee_coin":"4.988720833478365214","value":"49900","value_coin":"499","value_forwarded":"49388","value_forwarded_coin":"493.883362514358156275","coin":"bep20_usdt","price":"0.9999601582","result":"sent","pending":"0"}
2025-04-14 17:28:02 INFO: Processing new transaction: 0x2f9bd74df35527d4dcb457f38f8873f2318e3687237bd243d133275bd0c932f7 for user: HYM610271
2025-04-14 17:28:02 INFO: updatedData: [object Object] for user: HYM610271
2025-04-14 21:07:35 INFO: Wallet: 0x400c4C0A65FF457Ee3985eaA36887D5f37A002DC
2025-04-14 21:17:04 INFO: Wallet: 0x400c4C0A65FF457Ee3985eaA36887D5f37A002DC
2025-04-14 21:17:15 INFO: Wallet: 0x400c4C0A65FF457Ee3985eaA36887D5f37A002DC
2025-04-14 21:17:36 INFO: Wallet: 0x400c4C0A65FF457Ee3985eaA36887D5f37A002DC
2025-04-15 07:22:45 INFO: Wallet: 0x400c4C0A65FF457Ee3985eaA36887D5f37A002DC
2025-04-15 09:26:20 INFO: Wallet: 0x400c4C0A65FF457Ee3985eaA36887D5f37A002DC
2025-04-15 09:45:44 INFO: Wallet: 0x400c4C0A65FF457Ee3985eaA36887D5f37A002DC
2025-04-15 09:48:19 INFO: Incoming callback data: {"refid":"HYM119318","uuid":"0b866f6e-a220-4a9c-bce0-ea3d820336c1","address_in":"0x2c41762384Def140cF773d2171d4896b174840B8","address_out":"0x400c4C0A65FF457Ee3985eaA36887D5f37A002DC","confirmations":"4","txid_in":"0x4abe4dcce738d8051faf084ad12579c3aa3725338e83e69ae4dc702de61bb4dc","txid_out":"0xfc0fcb0278187b43643d8707580e567835aef5b3a2c4f12664fb477c7fe66048","fee":"199","fee_coin":"1.998713797334199759","value":"20000","value_coin":"200","value_forwarded":"19787","value_forwarded_coin":"197.87266593608577617","coin":"bep20_usdt","price":"0.9998942615","result":"sent","pending":"0"}
2025-04-15 09:48:19 INFO: Processing new transaction: 0x4abe4dcce738d8051faf084ad12579c3aa3725338e83e69ae4dc702de61bb4dc for user: HYM119318
2025-04-15 09:48:19 INFO: updatedData: [object Object] for user: HYM119318
2025-04-15 10:19:33 INFO: Wallet: TVcj37JgmEpMuN8BnXDSEWQyvvFbQ8b5L5
2025-04-15 10:46:36 INFO: Wallet: 0x400c4C0A65FF457Ee3985eaA36887D5f37A002DC
2025-04-15 12:19:14 INFO: Wallet: 0x400c4C0A65FF457Ee3985eaA36887D5f37A002DC
2025-04-15 12:47:12 INFO: Wallet: 0x400c4C0A65FF457Ee3985eaA36887D5f37A002DC
2025-04-15 12:50:01 INFO: Incoming callback data: {"refid":"HYM548938","uuid":"d689d7d6-edda-4543-9be1-9e540e9e6e3e","address_in":"0xfb1a711a35e6d221179Fb17aFD1C33A55b3570ad","address_out":"0x400c4C0A65FF457Ee3985eaA36887D5f37A002DC","confirmations":"4","txid_in":"0xd7a338db8a0e3757f8f55475832399b837b6b3ba89b32d0ea812a731cfd0277b","txid_out":"0xe7aa4c936677f99c31b167df7c8959b89f9c1e97afffbf3a6a70e725f5b61368","fee":"94","fee_coin":"0.948715445452616289","value":"9500","value_coin":"95","value_forwarded":"9392","value_forwarded_coin":"93.922829099809012642","coin":"bep20_usdt","price":"0.9999413206","result":"sent","pending":"0"}
2025-04-15 12:50:01 INFO: Processing new transaction: 0xd7a338db8a0e3757f8f55475832399b837b6b3ba89b32d0ea812a731cfd0277b for user: HYM548938
2025-04-15 12:50:01 INFO: updatedData: [object Object] for user: HYM548938
2025-04-15 12:51:54 INFO: Wallet: 0x400c4C0A65FF457Ee3985eaA36887D5f37A002DC
2025-04-15 13:28:37 INFO: Wallet: 0x400c4C0A65FF457Ee3985eaA36887D5f37A002DC
2025-04-15 13:31:37 INFO: Incoming callback data: {"refid":"HYM548938","uuid":"dd5fe359-46f0-491f-87bd-78b6dd128e24","address_in":"0xfb1a711a35e6d221179Fb17aFD1C33A55b3570ad","address_out":"0x400c4C0A65FF457Ee3985eaA36887D5f37A002DC","confirmations":"10","txid_in":"0x7304cf8df88e183abb2500da7b9c6ba9a340bc631cf27457d29182d95444430c","txid_out":"0x5fb4f20e4f50a30f45a3e0fc7154fbeeaba0e680c265cbb9abf7b992bcb9e33f","fee":"9","fee_coin":"0.09871566490356404","value":"1000","value_coin":"10","value_forwarded":"977","value_forwarded_coin":"9.772850825452840021","coin":"bep20_usdt","price":"0.999983199","result":"sent","pending":"0"}
2025-04-15 13:31:37 INFO: Processing new transaction: 0x7304cf8df88e183abb2500da7b9c6ba9a340bc631cf27457d29182d95444430c for user: HYM548938
2025-04-15 13:31:37 INFO: updatedData: [object Object] for user: HYM548938
2025-04-15 15:32:42 INFO: Wallet: 0x400c4C0A65FF457Ee3985eaA36887D5f37A002DC
2025-04-16 06:29:05 INFO: Wallet: 0x400c4C0A65FF457Ee3985eaA36887D5f37A002DC
2025-04-16 06:29:46 INFO: Wallet: TVcj37JgmEpMuN8BnXDSEWQyvvFbQ8b5L5
2025-04-16 09:31:47 INFO: Wallet: 0x400c4C0A65FF457Ee3985eaA36887D5f37A002DC
2025-04-16 09:33:31 INFO: Incoming callback data: {"refid":"HYM320774","uuid":"c7870740-ff2a-47c6-a551-ba2534d7f534","address_in":"0xa310108f62b4b79Ec98D8702FC5B7242709f6ad4","address_out":"0x400c4C0A65FF457Ee3985eaA36887D5f37A002DC","confirmations":"15","txid_in":"0xbfe654c522bb587cdfeffe03f1088cf121c869e7ae6012eee2a6d49e1d80d7b0","txid_out":"0x35e5fd5c2698c342617eb4291653a717e610cfd315b3b244b45086afc9509ee4","fee":"99","fee_coin":"0.998735916204943334","value":"10000","value_coin":"100","value_forwarded":"9887","value_forwarded_coin":"98.874855704289390068","coin":"bep20_usdt","price":"0.9998347511","result":"sent","pending":"0"}
2025-04-16 09:33:31 INFO: Processing new transaction: 0xbfe654c522bb587cdfeffe03f1088cf121c869e7ae6012eee2a6d49e1d80d7b0 for user: HYM320774
2025-04-16 09:33:31 INFO: updatedData: [object Object] for user: HYM320774
2025-04-16 10:51:33 INFO: Wallet: 0x400c4C0A65FF457Ee3985eaA36887D5f37A002DC
2025-04-16 12:03:28 INFO: Wallet: 0x400c4C0A65FF457Ee3985eaA36887D5f37A002DC
2025-04-16 12:25:32 INFO: Wallet: 0x400c4C0A65FF457Ee3985eaA36887D5f37A002DC
2025-04-16 13:30:23 INFO: Wallet: 0x400c4C0A65FF457Ee3985eaA36887D5f37A002DC
2025-04-16 13:35:22 INFO: Incoming callback data: {"refid":"HYM488828","uuid":"f01b9725-f498-458f-a828-15904c2739a8","address_in":"0xe77639ee39b3214C4CaB45f4597ea78db04A431A","address_out":"0x400c4C0A65FF457Ee3985eaA36887D5f37A002DC","confirmations":"6","txid_in":"0x0a53345e601a8c9d14cd45f32917bb10504db5f491daedc38cb9dba37ceb397a","txid_out":"0xd4059a2891736462ded4b430db983069b7c03ff603693b6215c8c2f1e824c327","fee":"99","fee_coin":"0.998719860912154607","value":"10000","value_coin":"100","value_forwarded":"9887","value_forwarded_coin":"98.8732662303033061","coin":"bep20_usdt","price":"0.9999823799","result":"sent","pending":"0"}
2025-04-16 13:35:22 INFO: Processing new transaction: 0x0a53345e601a8c9d14cd45f32917bb10504db5f491daedc38cb9dba37ceb397a for user: HYM488828
2025-04-16 13:35:22 INFO: updatedData: [object Object] for user: HYM488828
2025-04-17 09:00:09 INFO: Wallet: 0x400c4C0A65FF457Ee3985eaA36887D5f37A002DC
2025-04-17 09:30:56 INFO: Wallet: 0x400c4C0A65FF457Ee3985eaA36887D5f37A002DC
2025-04-17 09:30:56 INFO: Wallet: 0x400c4C0A65FF457Ee3985eaA36887D5f37A002DC
2025-04-17 11:53:07 INFO: Wallet: 0x400c4C0A65FF457Ee3985eaA36887D5f37A002DC
2025-04-17 11:55:06 INFO: Incoming callback data: {"refid":"HYM594391","uuid":"248d4d45-a193-4148-9a78-856c6cfa0015","address_in":"0x696678E555CC9FCb7c42C362d0D45E2C796ed76B","address_out":"0x400c4C0A65FF457Ee3985eaA36887D5f37A002DC","confirmations":"6","txid_in":"0x6118ed496eb78d8e4518fdcb5d3d4f78e7556a4858e9834b533fe5835f3599bb","txid_out":"0x6c572bf46871d00c2e4ceb7b96da78c98c515f8bdfa6b1b81f45d383696cbc2f","fee":"99","fee_coin":"0.998720620639744044","value":"10000","value_coin":"100","value_forwarded":"9887","value_forwarded_coin":"98.873341443334660371","coin":"bep20_usdt","price":"0.9997826257","result":"sent","pending":"0"}
2025-04-17 11:55:06 INFO: Processing new transaction: 0x6118ed496eb78d8e4518fdcb5d3d4f78e7556a4858e9834b533fe5835f3599bb for user: HYM594391
2025-04-17 11:55:06 INFO: updatedData: [object Object] for user: HYM594391
2025-04-17 14:23:35 INFO: Wallet: 0x400c4C0A65FF457Ee3985eaA36887D5f37A002DC
2025-04-17 14:23:36 INFO: Wallet: 0x400c4C0A65FF457Ee3985eaA36887D5f37A002DC
2025-04-17 14:31:20 INFO: Wallet: 0x400c4C0A65FF457Ee3985eaA36887D5f37A002DC
2025-04-17 14:33:45 INFO: Incoming callback data: {"refid":"HYM567476","uuid":"2093980c-930e-47f3-a121-93ef04713e1a","address_in":"0x1e3a3743803a2242FD68038Bb392ee3ab8DdcE7F","address_out":"0x400c4C0A65FF457Ee3985eaA36887D5f37A002DC","confirmations":"5","txid_in":"0xd99146409eb1e585688826578bcbb8fbbf7a44720657388697755bd8915240ed","txid_out":"0xc1daa21293edb91944ebd802f24d639a5855492f40fe05ff7d606ddcfbeb4884","fee":"99","fee_coin":"0.998708750121047873","value":"10000","value_coin":"100","value_forwarded":"9887","value_forwarded_coin":"98.872166261983739461","coin":"bep20_usdt","price":"0.9997696881","result":"sent","pending":"0"}
2025-04-17 14:33:45 INFO: Processing new transaction: 0xd99146409eb1e585688826578bcbb8fbbf7a44720657388697755bd8915240ed for user: HYM567476
2025-04-17 14:33:45 INFO: updatedData: [object Object] for user: HYM567476
2025-04-17 14:56:50 INFO: Wallet: 0x400c4C0A65FF457Ee3985eaA36887D5f37A002DC
2025-04-17 14:57:59 INFO: Incoming callback data: {"refid":"HYM562347","uuid":"919dfc82-4e21-4808-81d9-e734dc2750ee","address_in":"0x3C86CE83BB7b28F5071f9720082Be93a6eD68e9d","address_out":"0x400c4C0A65FF457Ee3985eaA36887D5f37A002DC","confirmations":"4","txid_in":"0xfcfdf75f25badb9a3a3e73bcbd911caefdc5fccf558d89036dd9d2c81205d785","txid_out":"0x0b610c0b494cd5bf5d4ba8fb17850e5a91d134a7d23f7112c45f3f599759fcb4","fee":"99","fee_coin":"0.999357815595332443","value":"10000","value_coin":"100","value_forwarded":"9893","value_forwarded_coin":"98.936423743937911914","coin":"bep20_usdt","price":"0.9997455422","result":"sent","pending":"0"}
2025-04-17 14:57:59 INFO: Processing new transaction: 0xfcfdf75f25badb9a3a3e73bcbd911caefdc5fccf558d89036dd9d2c81205d785 for user: HYM562347
2025-04-17 14:57:59 INFO: updatedData: [object Object] for user: HYM562347
2025-04-18 11:37:02 INFO: Wallet: 0x400c4C0A65FF457Ee3985eaA36887D5f37A002DC
2025-04-20 17:08:31 INFO: Wallet: 0x400c4C0A65FF457Ee3985eaA36887D5f37A002DC
